# JRE version: Java(TM) SE Runtime Environment (8.0_201-b09) (build 1.8.0_201-b09)
# Java VM: Java HotSpot(TM) 64-Bit Server VM (25.201-b09 mixed mode linux-amd64 compressed oops)
Heap:
 PSYoungGen      total 434176K, used 0K [0x00000000e0000000, 0x0000000100000000, 0x0000000100000000)
  eden space 349696K, 0% used [0x00000000e0000000,0x00000000e0000000,0x00000000f5580000)
  from space 84480K, 0% used [0x00000000f5580000,0x00000000f5580000,0x00000000fa800000)
  to   space 90112K, 0% used [0x00000000fa800000,0x00000000fa800000,0x0000000100000000)
 ParOldGen       total 505856K, used 342416K [0x00000000a0000000, 0x00000000bee00000, 0x00000000e0000000)
  object space 505856K, 67% used [0x00000000a0000000,0x00000000b4e64030,0x00000000bee00000)
 Metaspace       used 220478K, capacity 236448K, committed 251776K, reserved 1265664K
  class space    used 28443K, capacity 31259K, committed 34688K, reserved 1048576K
GC Heap History (10 events):
Event: 7086,795 GC heap after
Heap after GC invocations=159 (full 12):
 PSYoungGen      total 432128K, used 68447K [0x00000000e0000000, 0x0000000100000000, 0x0000000100000000)
  eden space 363520K, 0% used [0x00000000e0000000,0x00000000e0000000,0x00000000f6300000)
  from space 68608K, 99% used [0x00000000f6300000,0x00000000fa5d7ef8,0x00000000fa600000)
  to   space 89600K, 0% used [0x00000000fa880000,0x00000000fa880000,0x0000000100000000)
 ParOldGen       total 505856K, used 394421K [0x00000000a0000000, 0x00000000bee00000, 0x00000000e0000000)
  object space 505856K, 77% used [0x00000000a0000000,0x00000000b812d7e8,0x00000000bee00000)
 Metaspace       used 219084K, capacity 235914K, committed 239488K, reserved 1253376K
  class space    used 28392K, capacity 31351K, committed 34688K, reserved 1048576K
}
Event: 7233,854 GC heap before
{Heap before GC invocations=160 (full 12):
 PSYoungGen      total 432128K, used 431967K [0x00000000e0000000, 0x0000000100000000, 0x0000000100000000)
  eden space 363520K, 100% used [0x00000000e0000000,0x00000000f6300000,0x00000000f6300000)
  from space 68608K, 99% used [0x00000000f6300000,0x00000000fa5d7ef8,0x00000000fa600000)
  to   space 89600K, 0% used [0x00000000fa880000,0x00000000fa880000,0x0000000100000000)
 ParOldGen       total 505856K, used 394421K [0x00000000a0000000, 0x00000000bee00000, 0x00000000e0000000)
  object space 505856K, 77% used [0x00000000a0000000,0x00000000b812d7e8,0x00000000bee00000)
 Metaspace       used 219184K, capacity 235944K, committed 239488K, reserved 1253376K
  class space    used 28394K, capacity 31354K, committed 34688K, reserved 1048576K
Event: 7233,894 GC heap after
Heap after GC invocations=160 (full 12):
 PSYoungGen      total 438784K, used 24891K [0x00000000e0000000, 0x0000000100000000, 0x0000000100000000)
  eden space 349184K, 0% used [0x00000000e0000000,0x00000000e0000000,0x00000000f5500000)
  from space 89600K, 27% used [0x00000000fa880000,0x00000000fc0cef20,0x0000000100000000)
  to   space 85504K, 0% used [0x00000000f5500000,0x00000000f5500000,0x00000000fa880000)
 ParOldGen       total 505856K, used 415744K [0x00000000a0000000, 0x00000000bee00000, 0x00000000e0000000)
  object space 505856K, 82% used [0x00000000a0000000,0x00000000b9600318,0x00000000bee00000)
 Metaspace       used 219184K, capacity 235944K, committed 239488K, reserved 1253376K
  class space    used 28394K, capacity 31354K, committed 34688K, reserved 1048576K
}
Event: 7235,289 GC heap before
{Heap before GC invocations=161 (full 12):
 PSYoungGen      total 438784K, used 374075K [0x00000000e0000000, 0x0000000100000000, 0x0000000100000000)
  eden space 349184K, 100% used [0x00000000e0000000,0x00000000f5500000,0x00000000f5500000)
  from space 89600K, 27% used [0x00000000fa880000,0x00000000fc0cef20,0x0000000100000000)
  to   space 85504K, 0% used [0x00000000f5500000,0x00000000f5500000,0x00000000fa880000)
 ParOldGen       total 505856K, used 415744K [0x00000000a0000000, 0x00000000bee00000, 0x00000000e0000000)
  object space 505856K, 82% used [0x00000000a0000000,0x00000000b9600318,0x00000000bee00000)
 Metaspace       used 219241K, capacity 236026K, committed 239488K, reserved 1253376K
  class space    used 28396K, capacity 31357K, committed 34688K, reserved 1048576K
Event: 7235,320 GC heap after
Heap after GC invocations=161 (full 12):
 PSYoungGen      total 353792K, used 4272K [0x00000000e0000000, 0x00000000ffb00000, 0x0000000100000000)
  eden space 349184K, 0% used [0x00000000e0000000,0x00000000e0000000,0x00000000f5500000)
  from space 4608K, 92% used [0x00000000f5500000,0x00000000f592c030,0x00000000f5980000)
  to   space 84992K, 0% used [0x00000000fa800000,0x00000000fa800000,0x00000000ffb00000)
 ParOldGen       total 505856K, used 436425K [0x00000000a0000000, 0x00000000bee00000, 0x00000000e0000000)
  object space 505856K, 86% used [0x00000000a0000000,0x00000000baa32790,0x00000000bee00000)
 Metaspace       used 219241K, capacity 236026K, committed 239488K, reserved 1253376K
  class space    used 28396K, capacity 31357K, committed 34688K, reserved 1048576K
}
Event: 7240,480 GC heap before
{Heap before GC invocations=162 (full 12):
 PSYoungGen      total 353792K, used 353456K [0x00000000e0000000, 0x00000000ffb00000, 0x0000000100000000)
  eden space 349184K, 100% used [0x00000000e0000000,0x00000000f5500000,0x00000000f5500000)
  from space 4608K, 92% used [0x00000000f5500000,0x00000000f592c030,0x00000000f5980000)
  to   space 84992K, 0% used [0x00000000fa800000,0x00000000fa800000,0x00000000ffb00000)
 ParOldGen       total 505856K, used 436425K [0x00000000a0000000, 0x00000000bee00000, 0x00000000e0000000)
  object space 505856K, 86% used [0x00000000a0000000,0x00000000baa32790,0x00000000bee00000)
 Metaspace       used 219266K, capacity 236030K, committed 239488K, reserved 1253376K
  class space    used 28396K, capacity 31357K, committed 34688K, reserved 1048576K
Event: 7240,490 GC heap after
Heap after GC invocations=162 (full 12):
 PSYoungGen      total 434688K, used 3560K [0x00000000e0000000, 0x0000000100000000, 0x0000000100000000)
  eden space 349696K, 0% used [0x00000000e0000000,0x00000000e0000000,0x00000000f5580000)
  from space 84992K, 4% used [0x00000000fa800000,0x00000000fab7a210,0x00000000ffb00000)
  to   space 84480K, 0% used [0x00000000f5580000,0x00000000f5580000,0x00000000fa800000)
 ParOldGen       total 505856K, used 439176K [0x00000000a0000000, 0x00000000bee00000, 0x00000000e0000000)
  object space 505856K, 86% used [0x00000000a0000000,0x00000000bace2140,0x00000000bee00000)
 Metaspace       used 219266K, capacity 236030K, committed 239488K, reserved 1253376K
  class space    used 28396K, capacity 31357K, committed 34688K, reserved 1048576K
}
Event: 7243,490 GC heap before
{Heap before GC invocations=163 (full 12):
 PSYoungGen      total 434688K, used 353256K [0x00000000e0000000, 0x0000000100000000, 0x0000000100000000)
  eden space 349696K, 100% used [0x00000000e0000000,0x00000000f5580000,0x00000000f5580000)
  from space 84992K, 4% used [0x00000000fa800000,0x00000000fab7a210,0x00000000ffb00000)
  to   space 84480K, 0% used [0x00000000f5580000,0x00000000f5580000,0x00000000fa800000)
 ParOldGen       total 505856K, used 439176K [0x00000000a0000000, 0x00000000bee00000, 0x00000000e0000000)
  object space 505856K, 86% used [0x00000000a0000000,0x00000000bace2140,0x00000000bee00000)
 Metaspace       used 235296K, capacity 252642K, committed 253824K, reserved 1267712K
  class space    used 30468K, capacity 33529K, committed 34688K, reserved 1048576K
Event: 7243,584 GC heap after
Heap after GC invocations=163 (full 12):
 PSYoungGen      total 434176K, used 84460K [0x00000000e0000000, 0x0000000100000000, 0x0000000100000000)
  eden space 349696K, 0% used [0x00000000e0000000,0x00000000e0000000,0x00000000f5580000)
  from space 84480K, 99% used [0x00000000f5580000,0x00000000fa7fb228,0x00000000fa800000)
  to   space 90112K, 0% used [0x00000000fa800000,0x00000000fa800000,0x0000000100000000)
 ParOldGen       total 505856K, used 469122K [0x00000000a0000000, 0x00000000bee00000, 0x00000000e0000000)
  object space 505856K, 92% used [0x00000000a0000000,0x00000000bca20a38,0x00000000bee00000)
 Metaspace       used 235296K, capacity 252642K, committed 253824K, reserved 1267712K
  class space    used 30468K, capacity 33529K, committed 34688K, reserved 1048576K
}
Event: 7243,585 GC heap before
{Heap before GC invocations=164 (full 13):
 PSYoungGen      total 434176K, used 84460K [0x00000000e0000000, 0x0000000100000000, 0x0000000100000000)
  eden space 349696K, 0% used [0x00000000e0000000,0x00000000e0000000,0x00000000f5580000)
  from space 84480K, 99% used [0x00000000f5580000,0x00000000fa7fb228,0x00000000fa800000)
  to   space 90112K, 0% used [0x00000000fa800000,0x00000000fa800000,0x0000000100000000)
 ParOldGen       total 505856K, used 469122K [0x00000000a0000000, 0x00000000bee00000, 0x00000000e0000000)
  object space 505856K, 92% used [0x00000000a0000000,0x00000000bca20a38,0x00000000bee00000)
 Metaspace       used 235296K, capacity 252642K, committed 253824K, reserved 1267712K
  class space    used 30468K, capacity 33529K, committed 34688K, reserved 1048576K

